<?xml version="1.0" encoding="UTF-8"?>
<testng-results ignored="0" total="2" passed="2" failed="0" skipped="0">
  <reporter-output>
  </reporter-output>
  <suite started-at="2023-06-26T18:59:44 IST" name="Suite" finished-at="2023-06-26T19:00:00 IST" duration-ms="16528">
    <groups>
      <group name="Master">
        <method signature="AccountRegistrationTest.testAccount()[pri:0, instance:testCases.AccountRegistrationTest@909217e]" name="testAccount" class="testCases.AccountRegistrationTest"/>
        <method signature="TC_002_Loginpagetest.test_Login()[pri:0, instance:testCases.TC_002_Loginpagetest@cc43f62]" name="test_Login" class="testCases.TC_002_Loginpagetest"/>
      </group> <!-- Master -->
      <group name="Sanity">
        <method signature="TC_002_Loginpagetest.test_Login()[pri:0, instance:testCases.TC_002_Loginpagetest@cc43f62]" name="test_Login" class="testCases.TC_002_Loginpagetest"/>
      </group> <!-- Sanity -->
      <group name="Regression">
        <method signature="AccountRegistrationTest.testAccount()[pri:0, instance:testCases.AccountRegistrationTest@909217e]" name="testAccount" class="testCases.AccountRegistrationTest"/>
      </group> <!-- Regression -->
    </groups>
    <test started-at="2023-06-26T18:59:44 IST" name="Chrometest" finished-at="2023-06-26T19:00:00 IST" duration-ms="16528">
      <class name="testCases.AccountRegistrationTest">
        <test-method is-config="true" signature="setup(java.lang.String)[pri:0, instance:testCases.AccountRegistrationTest@909217e]" started-at="2023-06-26T18:59:44 IST" name="setup" finished-at="2023-06-26T18:59:49 IST" duration-ms="4959" status="PASS">
          <params>
            <param index="0">
              <value>
                <![CDATA[chrome]]>
              </value>
            </param>
          </params>
          <reporter-output>
          </reporter-output>
        </test-method> <!-- setup -->
        <test-method signature="testAccount()[pri:0, instance:testCases.AccountRegistrationTest@909217e]" started-at="2023-06-26T18:59:49 IST" name="testAccount" finished-at="2023-06-26T18:59:56 IST" duration-ms="7281" status="PASS">
          <reporter-output>
          </reporter-output>
        </test-method> <!-- testAccount -->
        <test-method is-config="true" signature="teardown()[pri:0, instance:testCases.AccountRegistrationTest@909217e]" started-at="2023-06-26T18:59:56 IST" name="teardown" finished-at="2023-06-26T18:59:57 IST" duration-ms="194" status="PASS">
          <reporter-output>
          </reporter-output>
        </test-method> <!-- teardown -->
      </class> <!-- testCases.AccountRegistrationTest -->
      <class name="testCases.TC_002_Loginpagetest">
        <test-method is-config="true" signature="setup(java.lang.String)[pri:0, instance:testCases.TC_002_Loginpagetest@cc43f62]" started-at="2023-06-26T18:59:57 IST" name="setup" finished-at="2023-06-26T18:59:59 IST" duration-ms="2720" status="PASS">
          <params>
            <param index="0">
              <value>
                <![CDATA[chrome]]>
              </value>
            </param>
          </params>
          <reporter-output>
          </reporter-output>
        </test-method> <!-- setup -->
        <test-method signature="test_Login()[pri:0, instance:testCases.TC_002_Loginpagetest@cc43f62]" started-at="2023-06-26T18:59:59 IST" name="test_Login" finished-at="2023-06-26T19:00:00 IST" duration-ms="940" status="PASS">
          <reporter-output>
          </reporter-output>
        </test-method> <!-- test_Login -->
        <test-method is-config="true" signature="teardown()[pri:0, instance:testCases.TC_002_Loginpagetest@cc43f62]" started-at="2023-06-26T19:00:00 IST" name="teardown" finished-at="2023-06-26T19:00:00 IST" duration-ms="136" status="PASS">
          <reporter-output>
          </reporter-output>
        </test-method> <!-- teardown -->
      </class> <!-- testCases.TC_002_Loginpagetest -->
    </test> <!-- Chrometest -->
  </suite> <!-- Suite -->
</testng-results>
