<?xml version="1.0" encoding="UTF-8"?>
<testng-results ignored="0" total="1" passed="1" failed="0" skipped="0">
  <reporter-output>
  </reporter-output>
  <suite started-at="2023-06-23T19:43:00 IST" name="Failed suite [Failed suite [Suite]]" finished-at="2023-06-23T19:43:05 IST" duration-ms="5255">
    <groups>
      <group name="Master">
        <method signature="TC_002_Loginpagetest.test_Login()[pri:0, instance:testCases.TC_002_Loginpagetest@4b013c76]" name="test_Login" class="testCases.TC_002_Loginpagetest"/>
      </group> <!-- Master -->
      <group name="Sanity">
        <method signature="TC_002_Loginpagetest.test_Login()[pri:0, instance:testCases.TC_002_Loginpagetest@4b013c76]" name="test_Login" class="testCases.TC_002_Loginpagetest"/>
      </group> <!-- Sanity -->
    </groups>
    <test started-at="2023-06-23T19:43:00 IST" name="Chrometest(failed)(failed)" finished-at="2023-06-23T19:43:05 IST" duration-ms="5255">
      <class name="testCases.TC_002_Loginpagetest">
        <test-method is-config="true" signature="setup(java.lang.String)[pri:0, instance:testCases.TC_002_Loginpagetest@4b013c76]" started-at="2023-06-23T19:43:00 IST" name="setup" finished-at="2023-06-23T19:43:04 IST" duration-ms="3895" status="PASS">
          <params>
            <param index="0">
              <value>
                <![CDATA[chrome]]>
              </value>
            </param>
          </params>
          <reporter-output>
          </reporter-output>
        </test-method> <!-- setup -->
        <test-method signature="test_Login()[pri:0, instance:testCases.TC_002_Loginpagetest@4b013c76]" started-at="2023-06-23T19:43:04 IST" name="test_Login" finished-at="2023-06-23T19:43:05 IST" duration-ms="909" status="PASS">
          <reporter-output>
          </reporter-output>
        </test-method> <!-- test_Login -->
        <test-method is-config="true" signature="teardown()[pri:0, instance:testCases.TC_002_Loginpagetest@4b013c76]" started-at="2023-06-23T19:43:05 IST" name="teardown" finished-at="2023-06-23T19:43:05 IST" duration-ms="183" status="PASS">
          <reporter-output>
          </reporter-output>
        </test-method> <!-- teardown -->
      </class> <!-- testCases.TC_002_Loginpagetest -->
    </test> <!-- Chrometest(failed)(failed) -->
  </suite> <!-- Failed suite [Failed suite [Suite]] -->
</testng-results>
